{"name": "test_valid_email_empty_password", "status": "failed", "statusDetails": {"message": "AssertionError: assert 'AUTHENTICATION' == 'MY ACCOUNT'\n  - MY ACCOUNT\n  + AUTHENTICATION", "trace": "@pytest.mark.failed\n    def test_valid_email_empty_password():  # -> Error\n        '''\n        Check valid email and empty password\n        :return: Error message: \"Password is required.\"\n        failed\n        '''\n        startTest()\n        username = \"tamar.samara@gmail.com\"\n        password = \"\"\n>       email_try_except(username, password)\n\ntestLogin1.py:97: \n_ _ _ _ _ _ _ _ _ _ _ _ _ _ _ _ _ _ _ _ _ _ _ _ _ _ _ _ _ _ _ _ _ _ _ _ _ _ _ _ _ _ _ _ _ _ _ _ _ _ _ _ _ _ _ _ _ _ _ _ _ _ _ _ _ _ _ _ _ _ _ _ _ _ _ _\n\nusername = 'tamar.samara@gmail.com', password = ''\n\n    def email_try_except(username, password):\n        try:\n            login(id=username, param=\"email\")\n            time.sleep(1)\n            login(id=password, param=\"passwd\")\n            time.sleep(1)\n        except Exception as e:\n            print(\"error in code: {}\".format(e))\n    \n        finally:\n            element1 = WebDriverWait(driver, 10).until(EC.presence_of_element_located((By.ID,\n                                                                                       \"SubmitLogin\")))\n            element1.click()\n            # ErrorPage = \"\"\n            # ErrorPage = driver.find_element(By.TAG_NAME, \"h1\").text\n            # if ErrorPage ==\n            elem_page_heading = driver.find_element(By.CLASS_NAME, \"page-heading\")\n            print(f'page-headinggggggggggg {elem_page_heading.text}')\n            elemerror = driver.find_element(By.TAG_NAME, \"ol\")\n            print(f'elemerror.text {elemerror.text}')\n            logging.info(f'Successful Login')\n            logging.warning(f'Error message: {elemerror.text}')\n>           assert elem_page_heading.text == \"MY ACCOUNT\"\nE           AssertionError: assert 'AUTHENTICATION' == 'MY ACCOUNT'\nE             - MY ACCOUNT\nE             + AUTHENTICATION\n\ntestLogin1.py:54: AssertionError"}, "description": "\n    Check valid email and empty password\n    :return: Error message: \"Password is required.\"\n    failed\n    ", "attachments": [{"name": "log", "source": "320c01b4-5d35-4f1e-8bd5-b7825a4125cc-attachment.txt", "type": "text/plain"}, {"name": "stdout", "source": "d8e9b854-c564-487e-91d2-25b3b6ca3c24-attachment.txt", "type": "text/plain"}], "start": 1660433340752, "stop": 1660433357798, "uuid": "b6e39b2a-036c-4e3a-a76d-13705715ac5f", "historyId": "4326b123d3f4df9d93dd06dfd055e6cd", "testCaseId": "20c52a9df266b81a357cd132439b887a", "fullName": "testLogin1#test_valid_email_empty_password", "labels": [{"name": "tag", "value": "failed"}, {"name": "suite", "value": "testLogin1"}, {"name": "host", "value": "tamar1"}, {"name": "thread", "value": "24240-MainThread"}, {"name": "framework", "value": "pytest"}, {"name": "language", "value": "cpython3"}, {"name": "package", "value": "testLogin1"}]}